<?xml version="1.0" encoding="UTF-8"?>
<testng-results skipped="0" failed="1" ignored="0" total="1" passed="0">
  <reporter-output>
  </reporter-output>
  <suite name="Default suite" duration-ms="11290" started-at="2018-05-21T19:32:45Z" finished-at="2018-05-21T19:32:57Z">
    <groups>
      <group name="Smoke">
        <method signature="LandingPageTitleVerification.landingPageTitleVerification()[pri:0, instance:priority1.LandingPageTitleVerification@149e0f5d]" name="landingPageTitleVerification" class="priority1.LandingPageTitleVerification"/>
      </group> <!-- Smoke -->
    </groups>
    <test name="Default test" duration-ms="11290" started-at="2018-05-21T19:32:45Z" finished-at="2018-05-21T19:32:57Z">
      <class name="priority1.LandingPageTitleVerification">
        <test-method status="PASS" signature="initializeBrowser()[pri:0, instance:priority1.LandingPageTitleVerification@149e0f5d]" name="initializeBrowser" is-config="true" duration-ms="9019" started-at="2018-05-22T01:02:45Z" finished-at="2018-05-22T01:02:54Z">
          <reporter-output>
          </reporter-output>
        </test-method> <!-- initializeBrowser -->
        <test-method status="FAIL" signature="landingPageTitleVerification()[pri:0, instance:priority1.LandingPageTitleVerification@149e0f5d]" name="landingPageTitleVerification" duration-ms="125" started-at="2018-05-22T01:02:54Z" finished-at="2018-05-22T01:02:54Z">
          <exception class="java.lang.AssertionError">
            <message>
              <![CDATA[expected [true] but found [false]]]>
            </message>
            <full-stacktrace>
              <![CDATA[java.lang.AssertionError: expected [true] but found [false]
	at org.testng.Assert.fail(Assert.java:93)
	at org.testng.Assert.failNotEquals(Assert.java:512)
	at org.testng.Assert.assertTrue(Assert.java:41)
	at org.testng.Assert.assertTrue(Assert.java:51)
	at priority1.LandingPageTitleVerification.landingPageTitleVerification(LandingPageTitleVerification.java:31)
	at sun.reflect.NativeMethodAccessorImpl.invoke0(Native Method)
	at sun.reflect.NativeMethodAccessorImpl.invoke(NativeMethodAccessorImpl.java:62)
	at sun.reflect.DelegatingMethodAccessorImpl.invoke(DelegatingMethodAccessorImpl.java:43)
	at java.lang.reflect.Method.invoke(Method.java:498)
	at org.testng.internal.MethodInvocationHelper.invokeMethod(MethodInvocationHelper.java:108)
	at org.testng.internal.Invoker.invokeMethod(Invoker.java:661)
	at org.testng.internal.Invoker.invokeTestMethod(Invoker.java:869)
	at org.testng.internal.Invoker.invokeTestMethods(Invoker.java:1193)
	at org.testng.internal.TestMethodWorker.invokeTestMethods(TestMethodWorker.java:126)
	at org.testng.internal.TestMethodWorker.run(TestMethodWorker.java:109)
	at org.testng.TestRunner.privateRun(TestRunner.java:744)
	at org.testng.TestRunner.run(TestRunner.java:602)
	at org.testng.SuiteRunner.runTest(SuiteRunner.java:380)
	at org.testng.SuiteRunner.runSequentially(SuiteRunner.java:375)
	at org.testng.SuiteRunner.privateRun(SuiteRunner.java:340)
	at org.testng.SuiteRunner.run(SuiteRunner.java:289)
	at org.testng.SuiteRunnerWorker.runSuite(SuiteRunnerWorker.java:52)
	at org.testng.SuiteRunnerWorker.run(SuiteRunnerWorker.java:86)
	at org.testng.TestNG.runSuitesSequentially(TestNG.java:1301)
	at org.testng.TestNG.runSuitesLocally(TestNG.java:1226)
	at org.testng.TestNG.runSuites(TestNG.java:1144)
	at org.testng.TestNG.run(TestNG.java:1115)
	at org.testng.remote.AbstractRemoteTestNG.run(AbstractRemoteTestNG.java:132)
	at org.testng.remote.RemoteTestNG.initAndRun(RemoteTestNG.java:230)
	at org.testng.remote.RemoteTestNG.main(RemoteTestNG.java:76)
]]>
            </full-stacktrace>
          </exception> <!-- java.lang.AssertionError -->
          <reporter-output>
          </reporter-output>
        </test-method> <!-- landingPageTitleVerification -->
        <test-method status="PASS" signature="closeBrowser()[pri:0, instance:priority1.LandingPageTitleVerification@149e0f5d]" name="closeBrowser" is-config="true" duration-ms="2103" started-at="2018-05-22T01:02:54Z" finished-at="2018-05-22T01:02:57Z">
          <reporter-output>
          </reporter-output>
        </test-method> <!-- closeBrowser -->
      </class> <!-- priority1.LandingPageTitleVerification -->
    </test> <!-- Default test -->
  </suite> <!-- Default suite -->
</testng-results>
