<?xml version="1.0" encoding="UTF-8"?>
<!-- Generated by org.testng.reporters.JUnitXMLReporter -->
<testsuite hostname="DESKTOP-4SC5RBR" ignored="0" name="Regression Test" tests="5" failures="1" timestamp="14 May 2018 07:14:41 GMT" time="24.888" errors="0">
  <testcase name="landingPageTitleVerification" time="0.061" classname="priority1.LandingPageTitleVerification">
    <failure type="java.lang.AssertionError" message="expected [true] but found [false]">
      <![CDATA[java.lang.AssertionError: expected [true] but found [false]
	at priority1.LandingPageTitleVerification.landingPageTitleVerification(LandingPageTitleVerification.java:31)
... Removed 29 stack frames]]>
    </failure>
  </testcase> <!-- landingPageTitleVerification -->
  <testcase name="storeMultipleQuickLinksTitle" time="4.454" classname="priority1.VerifyMultipleQuickLinksTitle"/>
  <testcase name="storeMultipleQuickLinksTitle" time="2.537" classname="priority1.VerifyMultipleQuickLinksTitle"/>
  <testcase name="storeMultipleQuickLinksTitle" time="3.904" classname="priority1.VerifyMultipleQuickLinksTitle"/>
  <testcase name="verifyMultipleQuickLinksTitle" time="0.002" classname="priority1.VerifyMultipleQuickLinksTitle"/>
</testsuite> <!-- Regression Test -->
